  Computer.cpp
C:\Users\trevorkurre\source\repos\Chess\Chess\Computer.cpp(10,22): warning C4244: 'argument': conversion from 'time_t' to 'unsigned int', possible loss of data
C:\Users\trevorkurre\source\repos\Chess\Chess\Computer.cpp(37,20): warning C4018: '<': signed/unsigned mismatch
C:\Users\trevorkurre\source\repos\Chess\Chess\Computer.cpp(44,11): warning C4018: '>': signed/unsigned mismatch
C:\Users\trevorkurre\source\repos\Chess\Chess\Computer.cpp(70,20): warning C4018: '<': signed/unsigned mismatch
C:\Users\trevorkurre\source\repos\Chess\Chess\Computer.cpp(79,53): warning C4244: 'argument': conversion from 'T' to 'const int', possible loss of data
          with
          [
              T=float
          ]
C:\Users\trevorkurre\source\repos\Chess\Chess\Computer.cpp(79,43): warning C4244: 'argument': conversion from 'T' to 'const int', possible loss of data
          with
          [
              T=float
          ]
C:\Users\trevorkurre\source\repos\Chess\Chess\Computer.cpp(151,21): warning C4018: '<': signed/unsigned mismatch
C:\Users\trevorkurre\source\repos\Chess\Chess\Computer.cpp(165,20): warning C4018: '<': signed/unsigned mismatch
C:\Users\trevorkurre\source\repos\Chess\Chess\Computer.cpp(205,21): warning C4018: '<': signed/unsigned mismatch
C:\Users\trevorkurre\source\repos\Chess\Chess\Computer.cpp(214,22): warning C4018: '<': signed/unsigned mismatch
C:\Users\trevorkurre\source\repos\Chess\Chess\Computer.cpp(230,22): warning C4018: '<': signed/unsigned mismatch
C:\Users\trevorkurre\source\repos\Chess\Chess\Computer.cpp(242,24): warning C4018: '<': signed/unsigned mismatch
C:\Users\trevorkurre\source\repos\Chess\Chess\Computer.cpp(266,21): warning C4018: '<': signed/unsigned mismatch
C:\Users\trevorkurre\source\repos\Chess\Chess\Computer.cpp(295,22): warning C4018: '<': signed/unsigned mismatch
C:\Users\trevorkurre\source\repos\Chess\Chess\Computer.cpp(507,20): warning C4018: '<': signed/unsigned mismatch
C:\Users\trevorkurre\source\repos\Chess\Chess\Computer.cpp(539,21): warning C4018: '<': signed/unsigned mismatch
C:\Users\trevorkurre\source\repos\Chess\Chess\Computer.cpp(590,21): warning C4018: '<': signed/unsigned mismatch
C:\Users\trevorkurre\source\repos\Chess\Chess\Computer.cpp(647,21): warning C4018: '<': signed/unsigned mismatch
C:\Users\trevorkurre\source\repos\Chess\Chess\Computer.cpp(668,21): warning C4018: '<': signed/unsigned mismatch
C:\Users\trevorkurre\source\repos\Chess\Chess\Computer.cpp(669,22): warning C4018: '<': signed/unsigned mismatch
C:\Users\trevorkurre\source\repos\Chess\Chess\Computer.cpp(687,25): warning C4018: '<': signed/unsigned mismatch
  Chess.vcxproj -> C:\Users\trevorkurre\source\repos\Chess\Debug\Chess.exe
